Arguments: 
  /Users/ianhancock/.nvm/versions/node/v16.9.1/bin/node /usr/local/Cellar/yarn/1.22.11/libexec/bin/yarn.js install

PATH: 
  /Users/ianhancock/.rvm/gems/ruby-3.0.2/bin:/Users/ianhancock/.rvm/gems/ruby-3.0.2@global/bin:/Users/ianhancock/.rvm/rubies/ruby-3.0.2/bin:/Users/ianhancock/.nvm/versions/node/v16.9.1/bin:/Library/Frameworks/Python.framework/Versions/3.8/bin:/Users/ianhancock/.npm-global/bin:/usr/local/bin:/usr/bin:/bin:/usr/sbin:/sbin:/usr/local/share/dotnet:/opt/X11/bin:~/.dotnet/tools:/Library/Apple/usr/bin:/Library/Frameworks/Mono.framework/Versions/Current/Commands:/Users/ianhancock/.rvm/gems/ruby-3.0.2/bin:/Users/ianhancock/.rvm/gems/ruby-3.0.2@global/bin:/Users/ianhancock/.rvm/rubies/ruby-3.0.2/bin:/Users/ianhancock/.rvm/bin

Yarn version: 
  1.22.11

Node version: 
  16.9.1

Platform: 
  darwin x64

Trace: 
  SyntaxError: /Users/ianhancock/router-routes/package.json: Unexpected token } in JSON at position 368
      at JSON.parse (<anonymous>)
      at /usr/local/Cellar/yarn/1.22.11/libexec/lib/cli.js:1625:59
      at Generator.next (<anonymous>)
      at step (/usr/local/Cellar/yarn/1.22.11/libexec/lib/cli.js:310:30)
      at /usr/local/Cellar/yarn/1.22.11/libexec/lib/cli.js:321:13

npm manifest: 
  {
    "name": "router-routes",
    "version": "0.1.0",
    "private": true,
    "dependencies": {
      "@testing-library/jest-dom": "^5.11.4",
      "@testing-library/react": "^11.1.0",
      "@testing-library/user-event": "^12.1.10",
      "react": "^17.0.2",
      "react-dom": "^17.0.2",
      "react-router-dom": "^6.2.1",
      "react-scripts": "4.0.3",
      "web-vitals": "^1.0.1",
    },
    "scripts": {
      "start": "react-scripts start",
      "build": "react-scripts build",
      "test": "react-scripts test",
      "eject": "react-scripts eject"
    },
    "eslintConfig": {
      "extends": [
        "react-app",
        "react-app/jest"
      ]
    },
    "browserslist": {
      "production": [
        ">0.2%",
        "not dead",
        "not op_mini all"
      ],
      "development": [
        "last 1 chrome version",
        "last 1 firefox version",
        "last 1 safari version"
      ]
    },
    "devDependencies": {
      "dotenv": "^10.0.0"
    }
  }

yarn manifest: 
  No manifest

Lockfile: 
  No lockfile
